2023-10-31 17:32:40,029 Error login user E210:
2023-10-31 17:38:25,639 Warning !! user entered wewe which is invalid
2023-10-31 17:40:37,143 Warning !! user entered invalid eweew at the time of registration
2023-10-31 18:07:09,336 Error login user E_reiknf:
2023-10-31 18:07:47,643 Warning !! user entered invalid jfnw at the time of registration
2023-10-31 18:07:55,450 Warning !! user entered invalid 2323 at the time of registration
2023-10-31 22:33:14,084 Connection set successfully
2023-10-31 22:33:58,765 Warning !! user entered invalid Employee Id we at the time of registration
2023-10-31 22:34:34,957 Warning !! user entered invalid Employee Id 23 at the time of registration
2023-10-31 22:34:40,003 Warning !! user entered invalid Employee Id E_909 at the time of registration
2023-10-31 22:34:48,473 Warning !! user entered invalid First Name 3223 at the time of registration
2023-10-31 22:44:31,453 Connection set successfully
2023-10-31 22:44:58,216 Connection set successfully
2023-10-31 22:49:31,788 Connection set successfully
2023-10-31 22:50:56,499 Connection set successfully
2023-10-31 22:59:25,963 Connection set successfully
2023-10-31 23:07:16,431 Connection set successfully
2023-10-31 23:10:45,424 Connection set successfully
2023-10-31 23:10:52,370 Warning !! user entered invalid Employee Id 23 at the time of registration
2023-10-31 23:10:58,273 Warning !! user entered invalid Email de at the time of registration
2023-10-31 23:11:05,021 Warning !! user entered invalid Contact222 at the time of registration
2023-10-31 23:11:14,786 Warning !! Password rules not match at the time of registration
2023-10-31 23:11:19,569 Warning !! Password rules not match at the time of registration
2023-10-31 23:13:21,056 Connection set successfully
2023-10-31 23:13:39,560 Connection set successfully
2023-10-31 23:26:05,476 Connection set successfully
2023-10-31 23:26:42,543 Connection set successfully
2023-10-31 23:39:09,779 Connection set successfully
2023-10-31 23:42:33,347 Connection set successfully
2023-11-01 00:00:42,777 Connection set successfully
2023-11-01 00:11:05,415 Connection set successfully
2023-11-01 00:11:29,975 Connection set successfully
2023-11-01 00:13:08,034 Connection set successfully
2023-11-01 00:13:22,616 Connection set successfully
2023-11-01 00:15:17,416 Connection set successfully
2023-11-01 00:17:52,291 Connection set successfully
2023-11-01 00:20:12,650 Connection set successfully
2023-11-01 00:36:26,863 Connection set successfully
2023-11-01 00:36:31,480 Connection closed successfully
2023-11-01 10:12:55,297 Unable to connect to the database
2023-11-01 10:13:33,120 Connection set successfully
2023-11-01 10:13:57,339 Connection set successfully
2023-11-01 10:16:18,964 Connection set successfully
2023-11-01 10:16:51,739 Connection set successfully
2023-11-01 10:17:50,267 Connection set successfully
2023-11-01 10:23:15,034 Connection set successfully
2023-11-01 10:27:53,812 Connection set successfully
2023-11-01 10:29:01,240 Connection set successfully
2023-11-01 10:29:35,141 Connection set successfully
2023-11-01 10:30:15,176 Connection set successfully
2023-11-01 10:34:10,498 Connection set successfully
2023-11-01 10:41:50,932 Connection set successfully
2023-11-01 10:43:41,785 Connection set successfully
2023-11-01 11:02:11,244 Unable to connect to the database
2023-11-01 11:02:42,562 Connection set successfully
2023-11-01 11:06:23,821 Connection set successfully
2023-11-01 11:08:45,950 Connection set successfully
2023-11-01 11:16:47,851 Connection set successfully
2023-11-01 11:22:40,948 Connection set successfully
2023-11-01 12:19:27,917 Connection set successfully
2023-11-01 12:28:04,730 Connection set successfully
2023-11-01 12:32:05,916 Connection set successfully
2023-11-01 12:32:30,193 Connection set successfully
2023-11-01 12:42:52,282 Connection set successfully
2023-11-01 12:49:02,037 Connection set successfully
2023-11-01 12:52:38,668 Connection set successfully
2023-11-01 12:58:19,669 Connection set successfully
2023-11-01 14:04:22,621 Connection set successfully
2023-11-01 14:12:51,044 Connection set successfully
2023-11-01 14:15:10,340 Connection set successfully
2023-11-01 14:16:53,084 Connection set successfully
2023-11-01 14:17:20,853 Error login user E101:
2023-11-01 14:19:25,967 Connection set successfully
2023-11-01 14:27:27,661 Connection set successfully
2023-11-01 14:27:36,053 Connection set successfully
2023-11-01 14:28:09,466 Connection set successfully
2023-11-01 14:28:56,033 Connection closed successfully
2023-11-01 14:29:58,599 Connection set successfully
2023-11-01 14:30:20,214 Connection closed successfully
2023-11-01 14:31:26,047 Connection set successfully
2023-11-01 14:31:43,140 Connection closed successfully
2023-11-01 14:32:37,735 Connection set successfully
2023-11-01 14:33:01,833 Connection closed successfully
2023-11-01 14:33:44,729 Connection set successfully
2023-11-01 14:33:59,658 Connection set successfully
2023-11-01 14:34:12,696 Connection set successfully
2023-11-01 14:37:52,747 Connection set successfully
2023-11-01 14:41:26,145 Connection set successfully
2024-01-30 02:01:34,008 Unable to connect to the database
